<?xml version="1.0" encoding="UTF-8"?>
<testng-results skipped="0" failed="0" ignored="0" total="3" passed="3">
  <reporter-output>
  </reporter-output>
  <suite name="Default suite" duration-ms="11577" started-at="2018-06-28T09:31:48Z" finished-at="2018-06-28T09:31:59Z">
    <groups>
    </groups>
    <test name="Default test" duration-ms="11577" started-at="2018-06-28T09:31:48Z" finished-at="2018-06-28T09:31:59Z">
      <class name="com.qait.HRIS.test.LoginPageTest">
        <test-method status="PASS" signature="launchBrowser()[pri:0, instance:com.qait.HRIS.test.LoginPageTest@66a3ffec]" name="launchBrowser" is-config="true" duration-ms="6960" started-at="2018-06-28T15:01:48Z" finished-at="2018-06-28T15:01:55Z">
          <reporter-output>
          </reporter-output>
        </test-method> <!-- launchBrowser -->
        <test-method status="PASS" signature="loginWithWrongCredentials()[pri:0, instance:com.qait.HRIS.test.LoginPageTest@66a3ffec]" name="loginWithWrongCredentials" duration-ms="758" started-at="2018-06-28T15:01:55Z" finished-at="2018-06-28T15:01:55Z">
          <reporter-output>
          </reporter-output>
        </test-method> <!-- loginWithWrongCredentials -->
        <test-method status="PASS" signature="log()[pri:1, instance:com.qait.HRIS.test.LoginPageTest@66a3ffec]" name="log" duration-ms="2916" started-at="2018-06-28T15:01:55Z" finished-at="2018-06-28T15:01:58Z">
          <reporter-output>
          </reporter-output>
        </test-method> <!-- log -->
        <test-method status="PASS" signature="timeSheet()[pri:2, instance:com.qait.HRIS.test.LoginPageTest@66a3ffec]" name="timeSheet" duration-ms="909" started-at="2018-06-28T15:01:58Z" finished-at="2018-06-28T15:01:59Z">
          <reporter-output>
          </reporter-output>
        </test-method> <!-- timeSheet -->
      </class> <!-- com.qait.HRIS.test.LoginPageTest -->
    </test> <!-- Default test -->
  </suite> <!-- Default suite -->
</testng-results>
